<?xml version="1.0" encoding="UTF-8"?>
<!-- Generated by org.testng.reporters.JUnitXMLReporter -->
<testsuite ignored="0" hostname="SAMUEL" failures="1" tests="2" name="Test" time="11.195" errors="0" timestamp="2025-06-06T23:01:49 IST">
  <testcase classname="testCases.TC001_AccountRegisterTest" name="verify_account_registration" time="2.475"/>
  <testcase classname="testCases.TC002_LoginTest" name="verifyLogin" time="1.075">
    <failure type="java.lang.AssertionError" message="null">
      <![CDATA[java.lang.AssertionError: null
at testCases.TC002_LoginTest.verifyLogin(TC002_LoginTest.java:41)
at java.base/java.util.ArrayList.forEach(ArrayList.java:1511)
... Removed 29 stack frames]]>
    </failure>
  </testcase> <!-- verifyLogin -->
</testsuite> <!-- Test -->
