<?xml version="1.0" encoding="UTF-8"?>
<testng-results ignored="0" total="1" passed="1" failed="0" skipped="0">
  <reporter-output>
  </reporter-output>
  <suite started-at="2025-06-24T22:48:46 IST" name="Master Suite" finished-at="2025-06-24T22:48:53 IST" duration-ms="6737">
    <groups>
    </groups>
    <test started-at="2025-06-24T22:48:46 IST" name="Test" finished-at="2025-06-24T22:48:53 IST" duration-ms="6737">
      <class name="testCases.TC004_AddToCart">
        <test-method is-config="true" signature="setUp(java.lang.String,java.lang.String)[pri:0, instance:testCases.TC004_AddToCart@61884cb1]" started-at="2025-06-24T22:48:46 IST" name="setUp" finished-at="2025-06-24T22:48:49 IST" duration-ms="2996" status="PASS">
          <params>
            <param index="0">
              <value>
                <![CDATA[Window]]>
              </value>
            </param>
            <param index="1">
              <value>
                <![CDATA[chrome]]>
              </value>
            </param>
          </params>
          <reporter-output>
          </reporter-output>
        </test-method> <!-- setUp -->
        <test-method signature="AddToCart()[pri:0, instance:testCases.TC004_AddToCart@61884cb1]" started-at="2025-06-24T22:48:49 IST" name="AddToCart" finished-at="2025-06-24T22:48:53 IST" duration-ms="3709" status="PASS">
          <reporter-output>
          </reporter-output>
        </test-method> <!-- AddToCart -->
      </class> <!-- testCases.TC004_AddToCart -->
    </test> <!-- Test -->
  </suite> <!-- Master Suite -->
</testng-results>
