<?xml version="1.0" encoding="UTF-8"?>
<!-- Generated by org.testng.reporters.JUnitXMLReporter -->
<testsuite ignored="0" hostname="SAMUEL" failures="1" tests="1" name="Test(failed)(failed)" time="11.327" errors="0" timestamp="2025-05-29T18:51:59 IST">
  <testcase classname="testCases.TC002_LoginTest" name="verifyLogin" time="7.727">
    <failure type="java.lang.AssertionError" message="Login Fail expected [true] but found [false]">
      <![CDATA[java.lang.AssertionError: Login Fail expected [true] but found [false]
at testCases.TC002_LoginTest.verifyLogin(TC002_LoginTest.java:37)
at java.base/java.util.ArrayList.forEach(ArrayList.java:1511)
... Removed 33 stack frames]]>
    </failure>
  </testcase> <!-- verifyLogin -->
</testsuite> <!-- Test(failed)(failed) -->
